# Logfile created on 2019-10-07 12:05:40 -0400 by logger.rb/66358
2019-10-07 12:05:40,720 [Contrast Firstapp] INFO - AGENT_VERSION=3.0.0
2019-10-07 12:05:40,720 [Contrast Firstapp] INFO - GEM_HOME=/Users/marklacasse/.rvm/gems/ruby-2.6.3
2019-10-07 12:05:40,720 [Contrast Firstapp] INFO - PWD=/Users/marklacasse/Sandbox/ruby-projects/rails_projects/firstapp
2019-10-07 12:05:40,720 [Contrast Firstapp] INFO - HOME=/Users/marklacasse
2019-10-07 12:05:40,720 [Contrast Firstapp] INFO - GEM_PATH=/Users/marklacasse/.rvm/gems/ruby-2.6.3:/Users/marklacasse/.rvm/gems/ruby-2.6.3@global
2019-10-07 12:05:40,721 [Contrast Firstapp] INFO - RUBY_VERSION=ruby-2.6.3
2019-10-07 12:05:40,721 [Contrast Firstapp] INFO - RAILS_ENV=development
2019-10-07 12:05:40,721 [Contrast Firstapp] INFO - PARENT_PROCESS_ID=40684
2019-10-07 12:05:40,721 [Contrast Firstapp] INFO - PROCESS_ID=25796
2019-10-07 12:05:40,721 [Contrast Firstapp] INFO - LOCAL CONFIGURATION: {
  "agent": {
    "service": {
      "logger": {
        "path": "contrast_service.log",
        "level": "ERROR"
      },
      "host": "127.0.0.1",
      "port": 30555
    }
  }
}
2019-10-07 12:05:40,722 [Contrast Firstapp] INFO - GEM LOADED: rails=6.0.0
2019-10-07 12:05:40,722 [Contrast Firstapp] INFO - GEM LOADED: puma=3.12.1
2019-10-07 12:05:40,722 [Contrast Firstapp] INFO - GEM LOADED: rack=2.0.7
2019-10-07 12:05:40,722 [Contrast Firstapp] INFO - GEM LOADED: nokogiri=1.10.4
2019-10-07 12:05:40,722 [Contrast Firstapp] INFO - GEM LOADED: sqlite3=1.4.1
2019-10-07 12:05:40,766 [Contrast Firstapp] INFO - Attempting to start service.
2019-10-07 12:05:47,054 [Contrast Firstapp] WARN - Resolv::ResolvError: Error resolving address for <Contrast::Api::Dtm::Address: ip: "127.0.0.1", host: "markbook.local", port: 0>: no address for markbook.local
2019-10-07 12:08:53,991 [Contrast Firstapp] INFO - AGENT_VERSION=3.0.0
2019-10-07 12:08:53,991 [Contrast Firstapp] INFO - GEM_HOME=/Users/marklacasse/.rvm/gems/ruby-2.6.3
2019-10-07 12:08:53,991 [Contrast Firstapp] INFO - PWD=/Users/marklacasse/Sandbox/ruby-projects/rails_projects/firstapp
2019-10-07 12:08:53,991 [Contrast Firstapp] INFO - HOME=/Users/marklacasse
2019-10-07 12:08:53,991 [Contrast Firstapp] INFO - GEM_PATH=/Users/marklacasse/.rvm/gems/ruby-2.6.3:/Users/marklacasse/.rvm/gems/ruby-2.6.3@global
2019-10-07 12:08:53,991 [Contrast Firstapp] INFO - RUBY_VERSION=ruby-2.6.3
2019-10-07 12:08:53,991 [Contrast Firstapp] INFO - RAILS_ENV=development
2019-10-07 12:08:53,991 [Contrast Firstapp] INFO - PARENT_PROCESS_ID=40684
2019-10-07 12:08:53,991 [Contrast Firstapp] INFO - PROCESS_ID=25999
2019-10-07 12:08:53,991 [Contrast Firstapp] INFO - LOCAL CONFIGURATION: {
  "agent": {
    "service": {
      "logger": {
        "path": "contrast_service.log",
        "level": "ERROR"
      },
      "host": "127.0.0.1",
      "port": 30555
    }
  }
}
2019-10-07 12:08:53,991 [Contrast Firstapp] INFO - GEM LOADED: rails=6.0.0
2019-10-07 12:08:53,991 [Contrast Firstapp] INFO - GEM LOADED: puma=3.12.1
2019-10-07 12:08:53,991 [Contrast Firstapp] INFO - GEM LOADED: rack=2.0.7
2019-10-07 12:08:53,991 [Contrast Firstapp] INFO - GEM LOADED: nokogiri=1.10.4
2019-10-07 12:08:53,991 [Contrast Firstapp] INFO - GEM LOADED: sqlite3=1.4.1
2019-10-07 12:08:53,998 [Contrast Firstapp] INFO - Attempting to start service.
2019-10-07 12:08:55,787 [Contrast Firstapp] INFO - Current rule settings:
2019-10-07 12:08:55,787 [Contrast Firstapp] INFO - .. assess:  csrf (true)
2019-10-07 12:08:55,928 [Contrast Firstapp] WARN - ThreadError: Unable to weave assess into ActionController::Metal on eval: deadlock; recursive locking
2019-10-07 12:08:55,928 [Contrast Firstapp] WARN - ThreadError: Unable to weave assess into ActionController::Metal on eval: deadlock; recursive locking
2019-10-07 12:08:55,928 [Contrast Firstapp] WARN - ThreadError: Unable to weave assess into ActionController::Metal on eval: deadlock; recursive locking
2019-10-07 12:08:55,929 [Contrast Firstapp] WARN - ThreadError: Unable to weave assess into ActionController::Metal on eval: deadlock; recursive locking
2019-10-07 12:08:55,929 [Contrast Firstapp] WARN - ThreadError: Unable to weave assess into ActionController::Metal on eval: deadlock; recursive locking
2019-10-07 12:08:55,929 [Contrast Firstapp] WARN - ThreadError: Unable to weave assess into ActionController::Metal on eval: deadlock; recursive locking
2019-10-07 12:08:55,929 [Contrast Firstapp] WARN - ThreadError: Unable to weave assess into ActionController::Metal on eval: deadlock; recursive locking
2019-10-07 12:08:55,930 [Contrast Firstapp] WARN - ThreadError: Unable to weave assess into ActionController::Metal on eval: deadlock; recursive locking
2019-10-07 12:08:55,930 [Contrast Firstapp] WARN - ThreadError: Unable to weave assess into ActionController::Metal on eval: deadlock; recursive locking
2019-10-07 12:08:55,967 [Contrast Firstapp] WARN - ThreadError: Unable to weave assess into ActiveRecord::Querying on eval: deadlock; recursive locking
2019-10-07 12:08:55,967 [Contrast Firstapp] WARN - ThreadError: Unable to weave assess into ActiveRecord::Querying on eval: deadlock; recursive locking
2019-10-07 12:08:55,968 [Contrast Firstapp] WARN - ThreadError: Unable to weave assess into ActiveRecord::Querying on eval: deadlock; recursive locking
2019-10-07 12:08:55,968 [Contrast Firstapp] WARN - ThreadError: Unable to weave assess into ActiveRecord::Querying on eval: deadlock; recursive locking
2019-10-07 12:08:55,968 [Contrast Firstapp] WARN - ThreadError: Unable to weave assess into ActiveRecord::Querying on eval: deadlock; recursive locking
2019-10-07 12:08:55,968 [Contrast Firstapp] WARN - ThreadError: Unable to weave assess into ActiveRecord::Querying on eval: deadlock; recursive locking
2019-10-07 12:08:55,968 [Contrast Firstapp] WARN - ThreadError: Unable to weave assess into ActiveRecord::Querying on eval: deadlock; recursive locking
2019-10-07 12:08:55,969 [Contrast Firstapp] WARN - ThreadError: Unable to weave assess into ActiveRecord::Querying on eval: deadlock; recursive locking
2019-10-07 12:08:55,969 [Contrast Firstapp] WARN - ThreadError: Unable to weave assess into ActiveRecord::Querying on eval: deadlock; recursive locking
2019-10-07 12:08:55,969 [Contrast Firstapp] WARN - ThreadError: Unable to weave assess into ActiveRecord::Querying on eval: deadlock; recursive locking
2019-10-07 12:08:55,969 [Contrast Firstapp] WARN - ThreadError: Unable to weave assess into ActiveRecord::Querying on eval: deadlock; recursive locking
2019-10-07 12:08:55,970 [Contrast Firstapp] WARN - ThreadError: Unable to weave assess into ActiveRecord::Querying on eval: deadlock; recursive locking
2019-10-07 12:08:55,970 [Contrast Firstapp] WARN - ThreadError: Unable to weave assess into ActiveRecord::Querying on eval: deadlock; recursive locking
2019-10-07 12:08:55,970 [Contrast Firstapp] WARN - ThreadError: Unable to weave assess into ActiveRecord::Querying on eval: deadlock; recursive locking
2019-10-07 12:08:55,970 [Contrast Firstapp] WARN - ThreadError: Unable to weave assess into ActiveRecord::Querying on eval: deadlock; recursive locking
2019-10-07 12:08:55,970 [Contrast Firstapp] WARN - ThreadError: Unable to weave assess into ActiveRecord::Querying on eval: deadlock; recursive locking
2019-10-07 12:08:55,971 [Contrast Firstapp] WARN - ThreadError: Unable to weave assess into ActiveRecord::Querying on eval: deadlock; recursive locking
2019-10-07 12:08:55,971 [Contrast Firstapp] WARN - ThreadError: Unable to weave assess into ActiveRecord::Querying on eval: deadlock; recursive locking
2019-10-07 12:08:55,971 [Contrast Firstapp] WARN - ThreadError: Unable to weave assess into ActiveRecord::Querying on eval: deadlock; recursive locking
2019-10-07 12:08:55,971 [Contrast Firstapp] WARN - ThreadError: Unable to weave assess into ActiveRecord::Querying on eval: deadlock; recursive locking
2019-10-07 12:08:55,971 [Contrast Firstapp] WARN - ThreadError: Unable to weave assess into ActiveRecord::Querying on eval: deadlock; recursive locking
2019-10-07 12:08:55,972 [Contrast Firstapp] WARN - ThreadError: Unable to weave assess into ActiveRecord::Querying on eval: deadlock; recursive locking
2019-10-07 12:08:55,972 [Contrast Firstapp] WARN - ThreadError: Unable to weave assess into ActiveRecord::Querying on eval: deadlock; recursive locking
2019-10-07 12:08:55,972 [Contrast Firstapp] WARN - ThreadError: Unable to weave assess into ActiveRecord::Querying on eval: deadlock; recursive locking
2019-10-07 12:08:55,972 [Contrast Firstapp] WARN - ThreadError: Unable to weave assess into ActiveRecord::Querying on eval: deadlock; recursive locking
2019-10-07 12:08:55,972 [Contrast Firstapp] WARN - ThreadError: Unable to weave assess into ActiveRecord::Querying on eval: deadlock; recursive locking
2019-10-07 12:08:55,973 [Contrast Firstapp] WARN - ThreadError: Unable to weave assess into ActiveRecord::Querying on eval: deadlock; recursive locking
2019-10-07 12:08:55,973 [Contrast Firstapp] WARN - ThreadError: Unable to weave assess into ActiveRecord::Querying on eval: deadlock; recursive locking
2019-10-07 12:08:55,973 [Contrast Firstapp] WARN - ThreadError: Unable to weave assess into ActiveRecord::Querying on eval: deadlock; recursive locking
2019-10-07 12:08:55,973 [Contrast Firstapp] WARN - ThreadError: Unable to weave assess into ActiveRecord::Querying on eval: deadlock; recursive locking
2019-10-07 12:08:55,973 [Contrast Firstapp] WARN - ThreadError: Unable to weave assess into ActiveRecord::Querying on eval: deadlock; recursive locking
2019-10-07 12:08:55,974 [Contrast Firstapp] WARN - ThreadError: Unable to weave assess into ActiveRecord::Querying on eval: deadlock; recursive locking
2019-10-07 12:08:55,974 [Contrast Firstapp] WARN - ThreadError: Unable to weave assess into ActiveRecord::Querying on eval: deadlock; recursive locking
2019-10-07 12:08:55,974 [Contrast Firstapp] WARN - ThreadError: Unable to weave assess into ActiveRecord::Querying on eval: deadlock; recursive locking
2019-10-07 12:08:55,974 [Contrast Firstapp] WARN - ThreadError: Unable to weave assess into ActiveRecord::Querying on eval: deadlock; recursive locking
2019-10-07 12:08:55,974 [Contrast Firstapp] WARN - ThreadError: Unable to weave assess into ActiveRecord::Querying on eval: deadlock; recursive locking
2019-10-07 12:08:55,975 [Contrast Firstapp] WARN - ThreadError: Unable to weave assess into ActiveRecord::Querying on eval: deadlock; recursive locking
2019-10-07 12:08:55,975 [Contrast Firstapp] WARN - ThreadError: Unable to weave assess into ActiveRecord::Querying on eval: deadlock; recursive locking
2019-10-07 12:08:55,975 [Contrast Firstapp] WARN - ThreadError: Unable to weave assess into ActiveRecord::Querying on eval: deadlock; recursive locking
2019-10-07 12:08:55,975 [Contrast Firstapp] WARN - ThreadError: Unable to weave assess into ActiveRecord::Querying on eval: deadlock; recursive locking
2019-10-07 12:08:55,975 [Contrast Firstapp] WARN - ThreadError: Unable to weave assess into ActiveRecord::Querying on eval: deadlock; recursive locking
2019-10-07 12:08:55,976 [Contrast Firstapp] WARN - ThreadError: Unable to weave assess into ActiveRecord::Querying on eval: deadlock; recursive locking
2019-10-07 12:08:55,976 [Contrast Firstapp] WARN - ThreadError: Unable to weave assess into ActiveRecord::Querying on eval: deadlock; recursive locking
2019-10-07 12:08:55,976 [Contrast Firstapp] WARN - ThreadError: Unable to weave assess into ActiveRecord::Querying on eval: deadlock; recursive locking
2019-10-07 12:08:55,976 [Contrast Firstapp] WARN - ThreadError: Unable to weave assess into ActiveRecord::Querying on eval: deadlock; recursive locking
2019-10-07 12:08:55,976 [Contrast Firstapp] WARN - ThreadError: Unable to weave assess into ActiveRecord::Querying on eval: deadlock; recursive locking
2019-10-07 12:08:55,977 [Contrast Firstapp] WARN - ThreadError: Unable to weave assess into ActiveRecord::Querying on eval: deadlock; recursive locking
2019-10-07 12:08:55,977 [Contrast Firstapp] WARN - ThreadError: Unable to weave assess into ActiveRecord::Querying on eval: deadlock; recursive locking
2019-10-07 12:08:55,977 [Contrast Firstapp] WARN - ThreadError: Unable to weave assess into ActiveRecord::Querying on eval: deadlock; recursive locking
2019-10-07 12:08:55,977 [Contrast Firstapp] WARN - ThreadError: Unable to weave assess into ActiveRecord::Querying on eval: deadlock; recursive locking
2019-10-07 12:08:55,977 [Contrast Firstapp] WARN - ThreadError: Unable to weave assess into ActiveRecord::Querying on eval: deadlock; recursive locking
2019-10-07 12:08:55,977 [Contrast Firstapp] WARN - ThreadError: Unable to weave assess into ActiveRecord::Querying on eval: deadlock; recursive locking
2019-10-07 12:08:55,978 [Contrast Firstapp] WARN - ThreadError: Unable to weave assess into ActiveRecord::Querying on eval: deadlock; recursive locking
2019-10-07 12:08:55,978 [Contrast Firstapp] WARN - ThreadError: Unable to weave assess into ActiveRecord::Querying on eval: deadlock; recursive locking
2019-10-07 12:08:55,978 [Contrast Firstapp] WARN - ThreadError: Unable to weave assess into ActiveRecord::Querying on eval: deadlock; recursive locking
2019-10-07 12:08:55,978 [Contrast Firstapp] WARN - ThreadError: Unable to weave assess into ActiveRecord::Querying on eval: deadlock; recursive locking
2019-10-07 12:08:55,978 [Contrast Firstapp] WARN - ThreadError: Unable to weave assess into ActiveRecord::Querying on eval: deadlock; recursive locking
2019-10-07 12:08:55,979 [Contrast Firstapp] WARN - ThreadError: Unable to weave assess into ActiveRecord::Querying on eval: deadlock; recursive locking
2019-10-07 12:08:55,979 [Contrast Firstapp] WARN - ThreadError: Unable to weave assess into ActiveRecord::Querying on eval: deadlock; recursive locking
2019-10-07 12:08:55,979 [Contrast Firstapp] WARN - ThreadError: Unable to weave assess into ActiveRecord::Querying on eval: deadlock; recursive locking
2019-10-07 12:08:55,979 [Contrast Firstapp] WARN - ThreadError: Unable to weave assess into ActiveRecord::Querying on eval: deadlock; recursive locking
2019-10-07 12:08:55,979 [Contrast Firstapp] WARN - ThreadError: Unable to weave assess into ActiveRecord::Querying on eval: deadlock; recursive locking
2019-10-07 12:08:55,980 [Contrast Firstapp] WARN - ThreadError: Unable to weave assess into ActiveRecord::Querying on eval: deadlock; recursive locking
2019-10-07 12:08:55,980 [Contrast Firstapp] WARN - ThreadError: Unable to weave assess into ActiveRecord::Querying on eval: deadlock; recursive locking
2019-10-07 12:08:55,980 [Contrast Firstapp] WARN - ThreadError: Unable to weave assess into ActiveRecord::Querying on eval: deadlock; recursive locking
2019-10-07 12:08:55,980 [Contrast Firstapp] WARN - ThreadError: Unable to weave assess into ActiveRecord::Querying on eval: deadlock; recursive locking
2019-10-07 12:08:55,980 [Contrast Firstapp] WARN - ThreadError: Unable to weave assess into ActiveRecord::Querying on eval: deadlock; recursive locking
2019-10-07 12:08:55,980 [Contrast Firstapp] WARN - ThreadError: Unable to weave assess into ActiveRecord::Querying on eval: deadlock; recursive locking
2019-10-07 12:08:55,981 [Contrast Firstapp] WARN - ThreadError: Unable to weave assess into ActiveRecord::Querying on eval: deadlock; recursive locking
2019-10-07 12:08:55,981 [Contrast Firstapp] WARN - ThreadError: Unable to weave assess into ActiveRecord::Querying on eval: deadlock; recursive locking
2019-10-07 12:08:55,981 [Contrast Firstapp] WARN - ThreadError: Unable to weave assess into ActiveRecord::Querying on eval: deadlock; recursive locking
2019-10-07 12:08:55,981 [Contrast Firstapp] WARN - ThreadError: Unable to weave assess into ActiveRecord::Querying on eval: deadlock; recursive locking
2019-10-07 12:08:55,981 [Contrast Firstapp] WARN - ThreadError: Unable to weave assess into ActiveRecord::Querying on eval: deadlock; recursive locking
2019-10-07 12:08:55,982 [Contrast Firstapp] WARN - ThreadError: Unable to weave assess into ActiveRecord::Querying on eval: deadlock; recursive locking
2019-10-07 12:08:55,982 [Contrast Firstapp] WARN - ThreadError: Unable to weave assess into ActiveRecord::Querying on eval: deadlock; recursive locking
2019-10-07 12:08:55,982 [Contrast Firstapp] WARN - ThreadError: Unable to weave assess into ActiveRecord::Querying on eval: deadlock; recursive locking
2019-10-07 12:08:55,982 [Contrast Firstapp] WARN - ThreadError: Unable to weave assess into ActiveRecord::Querying on eval: deadlock; recursive locking
2019-10-07 12:08:55,982 [Contrast Firstapp] WARN - ThreadError: Unable to weave assess into ActiveRecord::Querying on eval: deadlock; recursive locking
2019-10-07 12:08:55,983 [Contrast Firstapp] WARN - ThreadError: Unable to weave assess into ActiveRecord::Querying on eval: deadlock; recursive locking
2019-10-07 12:08:55,983 [Contrast Firstapp] WARN - ThreadError: Unable to weave assess into ActiveRecord::Querying on eval: deadlock; recursive locking
2019-10-07 12:08:55,983 [Contrast Firstapp] WARN - ThreadError: Unable to weave assess into ActiveRecord::Querying on eval: deadlock; recursive locking
2019-10-07 12:08:55,983 [Contrast Firstapp] WARN - ThreadError: Unable to weave assess into ActiveRecord::Querying on eval: deadlock; recursive locking
2019-10-07 12:08:55,983 [Contrast Firstapp] WARN - ThreadError: Unable to weave assess into ActiveRecord::Querying on eval: deadlock; recursive locking
2019-10-07 12:08:55,984 [Contrast Firstapp] WARN - ThreadError: Unable to weave assess into ActiveRecord::Querying on eval: deadlock; recursive locking
2019-10-07 12:08:55,984 [Contrast Firstapp] WARN - ThreadError: Unable to weave assess into ActiveRecord::Querying on eval: deadlock; recursive locking
2019-10-07 12:08:55,984 [Contrast Firstapp] WARN - ThreadError: Unable to weave assess into ActiveRecord::Querying on eval: deadlock; recursive locking
2019-10-09 20:23:36,645 [Contrast Firstapp] INFO - AGENT_VERSION=3.0.3
2019-10-09 20:23:36,646 [Contrast Firstapp] INFO - GEM_HOME=/Users/marklacasse/.rvm/gems/ruby-2.6.3
2019-10-09 20:23:36,646 [Contrast Firstapp] INFO - PWD=/Users/marklacasse/Sandbox/ruby-projects/rails_projects/firstapp
2019-10-09 20:23:36,646 [Contrast Firstapp] INFO - HOME=/Users/marklacasse
2019-10-09 20:23:36,646 [Contrast Firstapp] INFO - GEM_PATH=/Users/marklacasse/.rvm/gems/ruby-2.6.3:/Users/marklacasse/.rvm/gems/ruby-2.6.3@global
2019-10-09 20:23:36,646 [Contrast Firstapp] INFO - RUBY_VERSION=ruby-2.6.3
2019-10-09 20:23:36,646 [Contrast Firstapp] INFO - RAILS_ENV=development
2019-10-09 20:23:36,646 [Contrast Firstapp] INFO - PARENT_PROCESS_ID=40684
2019-10-09 20:23:36,646 [Contrast Firstapp] INFO - PROCESS_ID=16994
2019-10-09 20:23:36,647 [Contrast Firstapp] INFO - LOCAL CONFIGURATION: {
  "agent": {
    "service": {
      "logger": {
        "path": "contrast_service.log",
        "level": "ERROR"
      },
      "host": "127.0.0.1",
      "port": 30555
    }
  }
}
2019-10-09 20:23:36,647 [Contrast Firstapp] INFO - GEM LOADED: rails=6.0.0
2019-10-09 20:23:36,647 [Contrast Firstapp] INFO - GEM LOADED: puma=3.12.1
2019-10-09 20:23:36,647 [Contrast Firstapp] INFO - GEM LOADED: rack=2.0.7
2019-10-09 20:23:36,647 [Contrast Firstapp] INFO - GEM LOADED: nokogiri=1.10.4
2019-10-09 20:23:36,647 [Contrast Firstapp] INFO - GEM LOADED: sqlite3=1.4.1
2019-10-09 20:23:36,692 [Contrast Firstapp] INFO - Attempting to start service.
2019-10-09 20:23:43,474 [Contrast Firstapp] INFO - Current rule settings:
2019-10-09 20:23:43,474 [Contrast Firstapp] INFO - .. assess:  csrf (true)
2019-10-09 20:32:56,733 [Contrast Firstapp] INFO - AGENT_VERSION=3.0.3
2019-10-09 20:32:56,733 [Contrast Firstapp] INFO - GEM_HOME=/Users/marklacasse/.rvm/gems/ruby-2.6.3
2019-10-09 20:32:56,733 [Contrast Firstapp] INFO - PWD=/Users/marklacasse/Sandbox/ruby-projects/rails_projects/firstapp
2019-10-09 20:32:56,733 [Contrast Firstapp] INFO - HOME=/Users/marklacasse
2019-10-09 20:32:56,733 [Contrast Firstapp] INFO - GEM_PATH=/Users/marklacasse/.rvm/gems/ruby-2.6.3:/Users/marklacasse/.rvm/gems/ruby-2.6.3@global
2019-10-09 20:32:56,733 [Contrast Firstapp] INFO - RUBY_VERSION=ruby-2.6.3
2019-10-09 20:32:56,733 [Contrast Firstapp] INFO - RAILS_ENV=development
2019-10-09 20:32:56,734 [Contrast Firstapp] INFO - PARENT_PROCESS_ID=40684
2019-10-09 20:32:56,734 [Contrast Firstapp] INFO - PROCESS_ID=17493
2019-10-09 20:32:56,734 [Contrast Firstapp] INFO - LOCAL CONFIGURATION: {
  "agent": {
    "service": {
      "logger": {
        "path": "contrast_service.log",
        "level": "ERROR"
      },
      "host": "127.0.0.1",
      "port": 30555
    }
  }
}
2019-10-09 20:32:56,734 [Contrast Firstapp] INFO - GEM LOADED: rails=6.0.0
2019-10-09 20:32:56,734 [Contrast Firstapp] INFO - GEM LOADED: puma=3.12.1
2019-10-09 20:32:56,734 [Contrast Firstapp] INFO - GEM LOADED: rack=2.0.7
2019-10-09 20:32:56,734 [Contrast Firstapp] INFO - GEM LOADED: nokogiri=1.10.4
2019-10-09 20:32:56,734 [Contrast Firstapp] INFO - GEM LOADED: sqlite3=1.4.1
2019-10-09 20:32:56,742 [Contrast Firstapp] INFO - Attempting to start service.
2019-10-09 20:32:59,194 [Contrast Firstapp] INFO - Current rule settings:
2019-10-09 20:32:59,194 [Contrast Firstapp] INFO - .. assess:  csrf (true)
2019-10-09 20:34:51,744 [Contrast Firstapp] INFO - AGENT_VERSION=3.0.3
2019-10-09 20:34:51,744 [Contrast Firstapp] INFO - GEM_HOME=/Users/marklacasse/.rvm/gems/ruby-2.6.3
2019-10-09 20:34:51,744 [Contrast Firstapp] INFO - PWD=/Users/marklacasse/Sandbox/ruby-projects/rails_projects/firstapp
2019-10-09 20:34:51,744 [Contrast Firstapp] INFO - HOME=/Users/marklacasse
2019-10-09 20:34:51,744 [Contrast Firstapp] INFO - GEM_PATH=/Users/marklacasse/.rvm/gems/ruby-2.6.3:/Users/marklacasse/.rvm/gems/ruby-2.6.3@global
2019-10-09 20:34:51,744 [Contrast Firstapp] INFO - RUBY_VERSION=ruby-2.6.3
2019-10-09 20:34:51,744 [Contrast Firstapp] INFO - RAILS_ENV=development
2019-10-09 20:34:51,744 [Contrast Firstapp] INFO - PARENT_PROCESS_ID=40684
2019-10-09 20:34:51,744 [Contrast Firstapp] INFO - PROCESS_ID=17569
2019-10-09 20:34:51,745 [Contrast Firstapp] INFO - LOCAL CONFIGURATION: {
  "agent": {
    "service": {
      "logger": {
        "path": "contrast_service.log",
        "level": "ERROR"
      },
      "host": "127.0.0.1",
      "port": 30555
    }
  }
}
2019-10-09 20:34:51,745 [Contrast Firstapp] INFO - GEM LOADED: rails=6.0.0
2019-10-09 20:34:51,745 [Contrast Firstapp] INFO - GEM LOADED: puma=3.12.1
2019-10-09 20:34:51,745 [Contrast Firstapp] INFO - GEM LOADED: rack=2.0.7
2019-10-09 20:34:51,745 [Contrast Firstapp] INFO - GEM LOADED: nokogiri=1.10.4
2019-10-09 20:34:51,745 [Contrast Firstapp] INFO - GEM LOADED: sqlite3=1.4.1
2019-10-09 20:34:51,751 [Contrast Firstapp] INFO - Attempting to start service.
2019-10-09 20:34:52,596 [Contrast Firstapp] INFO - Current rule settings:
2019-10-09 20:34:52,596 [Contrast Firstapp] INFO - .. assess:  csrf (true)
2019-10-09 20:40:08,153 [Contrast Firstapp] INFO - AGENT_VERSION=3.0.3
2019-10-09 20:40:08,153 [Contrast Firstapp] INFO - GEM_HOME=/Users/marklacasse/.rvm/gems/ruby-2.6.3
2019-10-09 20:40:08,153 [Contrast Firstapp] INFO - PWD=/Users/marklacasse/Sandbox/ruby-projects/rails_projects/firstapp
2019-10-09 20:40:08,153 [Contrast Firstapp] INFO - HOME=/Users/marklacasse
2019-10-09 20:40:08,153 [Contrast Firstapp] INFO - GEM_PATH=/Users/marklacasse/.rvm/gems/ruby-2.6.3:/Users/marklacasse/.rvm/gems/ruby-2.6.3@global
2019-10-09 20:40:08,153 [Contrast Firstapp] INFO - RUBY_VERSION=ruby-2.6.3
2019-10-09 20:40:08,153 [Contrast Firstapp] INFO - RAILS_ENV=development
2019-10-09 20:40:08,153 [Contrast Firstapp] INFO - PARENT_PROCESS_ID=40684
2019-10-09 20:40:08,153 [Contrast Firstapp] INFO - PROCESS_ID=17801
2019-10-09 20:40:08,153 [Contrast Firstapp] INFO - LOCAL CONFIGURATION: {
  "agent": {
    "service": {
      "logger": {
        "path": "contrast_service.log",
        "level": "ERROR"
      },
      "host": "127.0.0.1",
      "port": 30555
    }
  }
}
2019-10-09 20:40:08,153 [Contrast Firstapp] INFO - GEM LOADED: rails=6.0.0
2019-10-09 20:40:08,153 [Contrast Firstapp] INFO - GEM LOADED: puma=3.12.1
2019-10-09 20:40:08,153 [Contrast Firstapp] INFO - GEM LOADED: rack=2.0.7
2019-10-09 20:40:08,153 [Contrast Firstapp] INFO - GEM LOADED: nokogiri=1.10.4
2019-10-09 20:40:08,153 [Contrast Firstapp] INFO - GEM LOADED: sqlite3=1.4.1
2019-10-09 20:40:08,160 [Contrast Firstapp] INFO - Attempting to start service.
2019-10-09 20:40:09,218 [Contrast Firstapp] INFO - Current rule settings:
2019-10-09 20:40:09,219 [Contrast Firstapp] INFO - .. assess:  csrf (true)
2019-10-09 20:47:45,326 [Contrast Firstapp] INFO - AGENT_VERSION=3.0.3
2019-10-09 20:47:45,327 [Contrast Firstapp] INFO - GEM_HOME=/Users/marklacasse/.rvm/gems/ruby-2.6.3
2019-10-09 20:47:45,327 [Contrast Firstapp] INFO - PWD=/Users/marklacasse/Sandbox/ruby-projects/rails_projects/firstapp
2019-10-09 20:47:45,327 [Contrast Firstapp] INFO - HOME=/Users/marklacasse
2019-10-09 20:47:45,327 [Contrast Firstapp] INFO - GEM_PATH=/Users/marklacasse/.rvm/gems/ruby-2.6.3:/Users/marklacasse/.rvm/gems/ruby-2.6.3@global
2019-10-09 20:47:45,327 [Contrast Firstapp] INFO - RUBY_VERSION=ruby-2.6.3
2019-10-09 20:47:45,327 [Contrast Firstapp] INFO - RAILS_ENV=development
2019-10-09 20:47:45,327 [Contrast Firstapp] INFO - PARENT_PROCESS_ID=40684
2019-10-09 20:47:45,327 [Contrast Firstapp] INFO - PROCESS_ID=18116
2019-10-09 20:47:45,327 [Contrast Firstapp] INFO - LOCAL CONFIGURATION: {
  "agent": {
    "service": {
      "logger": {
        "path": "contrast_service.log",
        "level": "ERROR"
      },
      "host": "127.0.0.1",
      "port": 30555
    }
  }
}
2019-10-09 20:47:45,327 [Contrast Firstapp] INFO - GEM LOADED: rails=6.0.0
2019-10-09 20:47:45,327 [Contrast Firstapp] INFO - GEM LOADED: puma=3.12.1
2019-10-09 20:47:45,327 [Contrast Firstapp] INFO - GEM LOADED: rack=2.0.7
2019-10-09 20:47:45,327 [Contrast Firstapp] INFO - GEM LOADED: nokogiri=1.10.4
2019-10-09 20:47:45,327 [Contrast Firstapp] INFO - GEM LOADED: sqlite3=1.4.1
2019-10-09 20:47:45,334 [Contrast Firstapp] INFO - Attempting to start service.
2019-10-09 20:47:46,206 [Contrast Firstapp] INFO - Current rule settings:
2019-10-09 20:47:46,206 [Contrast Firstapp] INFO - .. assess:  csrf (true)
2019-10-09 20:49:16,892 [Contrast Firstapp] INFO - AGENT_VERSION=3.0.3
2019-10-09 20:49:16,892 [Contrast Firstapp] INFO - GEM_HOME=/Users/marklacasse/.rvm/gems/ruby-2.6.3
2019-10-09 20:49:16,892 [Contrast Firstapp] INFO - PWD=/Users/marklacasse/Sandbox/ruby-projects/rails_projects/firstapp
2019-10-09 20:49:16,892 [Contrast Firstapp] INFO - HOME=/Users/marklacasse
2019-10-09 20:49:16,892 [Contrast Firstapp] INFO - GEM_PATH=/Users/marklacasse/.rvm/gems/ruby-2.6.3:/Users/marklacasse/.rvm/gems/ruby-2.6.3@global
2019-10-09 20:49:16,892 [Contrast Firstapp] INFO - RUBY_VERSION=ruby-2.6.3
2019-10-09 20:49:16,892 [Contrast Firstapp] INFO - RAILS_ENV=development
2019-10-09 20:49:16,892 [Contrast Firstapp] INFO - PARENT_PROCESS_ID=40684
2019-10-09 20:49:16,892 [Contrast Firstapp] INFO - PROCESS_ID=18194
2019-10-09 20:49:16,892 [Contrast Firstapp] INFO - LOCAL CONFIGURATION: {
  "agent": {
    "service": {
      "logger": {
        "path": "contrast_service.log",
        "level": "ERROR"
      },
      "host": "127.0.0.1",
      "port": 30555
    }
  }
}
2019-10-09 20:49:16,892 [Contrast Firstapp] INFO - GEM LOADED: rails=6.0.0
2019-10-09 20:49:16,892 [Contrast Firstapp] INFO - GEM LOADED: puma=3.12.1
2019-10-09 20:49:16,892 [Contrast Firstapp] INFO - GEM LOADED: rack=2.0.7
2019-10-09 20:49:16,893 [Contrast Firstapp] INFO - GEM LOADED: nokogiri=1.10.4
2019-10-09 20:49:16,893 [Contrast Firstapp] INFO - GEM LOADED: sqlite3=1.4.1
2019-10-09 20:49:16,900 [Contrast Firstapp] INFO - Attempting to start service.
2019-10-09 20:49:17,686 [Contrast Firstapp] INFO - Current rule settings:
2019-10-09 20:49:17,686 [Contrast Firstapp] INFO - .. assess:  csrf (true)
2019-10-10 05:57:42,290 [Contrast Firstapp] INFO - AGENT_VERSION=3.0.3
2019-10-10 05:57:42,290 [Contrast Firstapp] INFO - GEM_HOME=/Users/marklacasse/.rvm/gems/ruby-2.6.3
2019-10-10 05:57:42,290 [Contrast Firstapp] INFO - PWD=/Users/marklacasse/Sandbox/ruby-projects/rails_projects/firstapp
2019-10-10 05:57:42,290 [Contrast Firstapp] INFO - HOME=/Users/marklacasse
2019-10-10 05:57:42,290 [Contrast Firstapp] INFO - GEM_PATH=/Users/marklacasse/.rvm/gems/ruby-2.6.3:/Users/marklacasse/.rvm/gems/ruby-2.6.3@global
2019-10-10 05:57:42,290 [Contrast Firstapp] INFO - RUBY_VERSION=ruby-2.6.3
2019-10-10 05:57:42,290 [Contrast Firstapp] INFO - RAILS_ENV=development
2019-10-10 05:57:42,290 [Contrast Firstapp] INFO - PARENT_PROCESS_ID=40684
2019-10-10 05:57:42,290 [Contrast Firstapp] INFO - PROCESS_ID=21088
2019-10-10 05:57:42,291 [Contrast Firstapp] INFO - LOCAL CONFIGURATION: {
  "agent": {
    "service": {
      "logger": {
        "path": "contrast_service.log",
        "level": "ERROR"
      },
      "host": "127.0.0.1",
      "port": 30555
    }
  }
}
2019-10-10 05:57:42,291 [Contrast Firstapp] INFO - GEM LOADED: rails=6.0.0
2019-10-10 05:57:42,291 [Contrast Firstapp] INFO - GEM LOADED: puma=3.12.1
2019-10-10 05:57:42,291 [Contrast Firstapp] INFO - GEM LOADED: rack=2.0.7
2019-10-10 05:57:42,291 [Contrast Firstapp] INFO - GEM LOADED: nokogiri=1.10.4
2019-10-10 05:57:42,291 [Contrast Firstapp] INFO - GEM LOADED: sqlite3=1.4.1
2019-10-10 05:57:42,315 [Contrast Firstapp] INFO - Attempting to start service.
2019-10-10 05:57:43,649 [Contrast Firstapp] INFO - Current rule settings:
2019-10-10 05:57:43,649 [Contrast Firstapp] INFO - .. assess:  csrf (true)
2019-10-10 06:01:25,297 [Contrast Firstapp] INFO - AGENT_VERSION=3.0.3
2019-10-10 06:01:25,298 [Contrast Firstapp] INFO - GEM_HOME=/Users/marklacasse/.rvm/gems/ruby-2.6.3
2019-10-10 06:01:25,298 [Contrast Firstapp] INFO - PWD=/Users/marklacasse/Sandbox/ruby-projects/rails_projects/firstapp
2019-10-10 06:01:25,298 [Contrast Firstapp] INFO - HOME=/Users/marklacasse
2019-10-10 06:01:25,298 [Contrast Firstapp] INFO - GEM_PATH=/Users/marklacasse/.rvm/gems/ruby-2.6.3:/Users/marklacasse/.rvm/gems/ruby-2.6.3@global
2019-10-10 06:01:25,298 [Contrast Firstapp] INFO - RUBY_VERSION=ruby-2.6.3
2019-10-10 06:01:25,298 [Contrast Firstapp] INFO - RAILS_ENV=development
2019-10-10 06:01:25,298 [Contrast Firstapp] INFO - PARENT_PROCESS_ID=40684
2019-10-10 06:01:25,298 [Contrast Firstapp] INFO - PROCESS_ID=21161
2019-10-10 06:01:25,298 [Contrast Firstapp] INFO - LOCAL CONFIGURATION: {
  "agent": {
    "service": {
      "logger": {
        "path": "contrast_service.log",
        "level": "ERROR"
      },
      "host": "127.0.0.1",
      "port": 30555
    }
  }
}
2019-10-10 06:01:25,298 [Contrast Firstapp] INFO - GEM LOADED: rails=6.0.0
2019-10-10 06:01:25,298 [Contrast Firstapp] INFO - GEM LOADED: puma=3.12.1
2019-10-10 06:01:25,298 [Contrast Firstapp] INFO - GEM LOADED: rack=2.0.7
2019-10-10 06:01:25,298 [Contrast Firstapp] INFO - GEM LOADED: nokogiri=1.10.4
2019-10-10 06:01:25,298 [Contrast Firstapp] INFO - GEM LOADED: sqlite3=1.4.1
2019-10-10 06:01:25,305 [Contrast Firstapp] INFO - Attempting to start service.
2019-10-10 06:01:26,142 [Contrast Firstapp] INFO - Current rule settings:
2019-10-10 06:01:26,142 [Contrast Firstapp] INFO - .. assess:  csrf (true)
2019-10-10 20:43:09,003 [Contrast Firstapp] INFO - AGENT_VERSION=3.0.3
2019-10-10 20:43:09,004 [Contrast Firstapp] INFO - GEM_HOME=/Users/marklacasse/.rvm/gems/ruby-2.6.3
2019-10-10 20:43:09,004 [Contrast Firstapp] INFO - PWD=/Users/marklacasse/Sandbox/ruby-projects/rails_projects/firstapp
2019-10-10 20:43:09,004 [Contrast Firstapp] INFO - HOME=/Users/marklacasse
2019-10-10 20:43:09,004 [Contrast Firstapp] INFO - GEM_PATH=/Users/marklacasse/.rvm/gems/ruby-2.6.3:/Users/marklacasse/.rvm/gems/ruby-2.6.3@global
2019-10-10 20:43:09,004 [Contrast Firstapp] INFO - RUBY_VERSION=ruby-2.6.3
2019-10-10 20:43:09,004 [Contrast Firstapp] INFO - RAILS_ENV=development
2019-10-10 20:43:09,004 [Contrast Firstapp] INFO - RACK_ENV=development
2019-10-10 20:43:09,004 [Contrast Firstapp] INFO - PARENT_PROCESS_ID=40064
2019-10-10 20:43:09,004 [Contrast Firstapp] INFO - PROCESS_ID=40065
2019-10-10 20:43:09,004 [Contrast Firstapp] INFO - LOCAL CONFIGURATION: {
  "agent": {
    "service": {
      "logger": {
        "path": "contrast_service.log",
        "level": "ERROR"
      },
      "host": "127.0.0.1",
      "port": 30555
    }
  }
}
2019-10-10 20:43:09,004 [Contrast Firstapp] INFO - GEM LOADED: rails=6.0.0
2019-10-10 20:43:09,004 [Contrast Firstapp] INFO - GEM LOADED: puma=3.12.1
2019-10-10 20:43:09,004 [Contrast Firstapp] INFO - GEM LOADED: rack=2.0.7
2019-10-10 20:43:09,004 [Contrast Firstapp] INFO - GEM LOADED: nokogiri=1.10.4
2019-10-10 20:43:09,004 [Contrast Firstapp] INFO - GEM LOADED: sqlite3=1.4.1
2019-10-10 20:43:09,031 [Contrast Firstapp] INFO - Attempting to start service.
2019-10-10 20:43:10,606 [Contrast Firstapp] INFO - Current rule settings:
2019-10-10 20:43:10,607 [Contrast Firstapp] INFO - .. assess:  csrf (true)
2019-10-10 20:47:01,396 [Contrast Firstapp] INFO - AGENT_VERSION=3.0.3
2019-10-10 20:47:01,396 [Contrast Firstapp] INFO - GEM_HOME=/Users/marklacasse/.rvm/gems/ruby-2.6.3
2019-10-10 20:47:01,396 [Contrast Firstapp] INFO - PWD=/Users/marklacasse/Sandbox/ruby-projects/rails_projects/firstapp
2019-10-10 20:47:01,396 [Contrast Firstapp] INFO - HOME=/Users/marklacasse
2019-10-10 20:47:01,396 [Contrast Firstapp] INFO - GEM_PATH=/Users/marklacasse/.rvm/gems/ruby-2.6.3:/Users/marklacasse/.rvm/gems/ruby-2.6.3@global
2019-10-10 20:47:01,396 [Contrast Firstapp] INFO - RUBY_VERSION=ruby-2.6.3
2019-10-10 20:47:01,396 [Contrast Firstapp] INFO - PARENT_PROCESS_ID=40684
2019-10-10 20:47:01,396 [Contrast Firstapp] INFO - PROCESS_ID=40261
2019-10-10 20:47:01,397 [Contrast Firstapp] INFO - LOCAL CONFIGURATION: {
  "agent": {
    "service": {
      "logger": {
        "path": "contrast_service.log",
        "level": "ERROR"
      },
      "host": "127.0.0.1",
      "port": 30555
    }
  }
}
2019-10-10 20:47:01,397 [Contrast Firstapp] INFO - GEM LOADED: rails=6.0.0
2019-10-10 20:47:01,397 [Contrast Firstapp] INFO - GEM LOADED: puma=3.12.1
2019-10-10 20:47:01,397 [Contrast Firstapp] INFO - GEM LOADED: rack=2.0.7
2019-10-10 20:47:01,397 [Contrast Firstapp] INFO - GEM LOADED: nokogiri=1.10.4
2019-10-10 20:47:01,397 [Contrast Firstapp] INFO - GEM LOADED: sqlite3=1.4.1
2019-10-14 07:12:03,742 [Contrast Firstapp] INFO - AGENT_VERSION=3.0.3
2019-10-14 07:12:03,743 [Contrast Firstapp] INFO - GEM_HOME=/Users/marklacasse/.rvm/gems/ruby-2.6.3
2019-10-14 07:12:03,743 [Contrast Firstapp] INFO - PWD=/Users/marklacasse/Sandbox/ruby-projects/rails_projects/firstapp
2019-10-14 07:12:03,743 [Contrast Firstapp] INFO - HOME=/Users/marklacasse
2019-10-14 07:12:03,743 [Contrast Firstapp] INFO - GEM_PATH=/Users/marklacasse/.rvm/gems/ruby-2.6.3:/Users/marklacasse/.rvm/gems/ruby-2.6.3@global
2019-10-14 07:12:03,743 [Contrast Firstapp] INFO - RUBY_VERSION=ruby-2.6.3
2019-10-14 07:12:03,743 [Contrast Firstapp] INFO - RAILS_ENV=development
2019-10-14 07:12:03,743 [Contrast Firstapp] INFO - PARENT_PROCESS_ID=40684
2019-10-14 07:12:03,743 [Contrast Firstapp] INFO - PROCESS_ID=74198
2019-10-14 07:12:03,744 [Contrast Firstapp] INFO - LOCAL CONFIGURATION: {
  "agent": {
    "service": {
      "logger": {
        "path": "contrast_service.log",
        "level": "ERROR"
      },
      "host": "127.0.0.1",
      "port": 30555
    }
  }
}
2019-10-14 07:12:03,744 [Contrast Firstapp] INFO - GEM LOADED: rails=6.0.0
2019-10-14 07:12:03,744 [Contrast Firstapp] INFO - GEM LOADED: puma=3.12.1
2019-10-14 07:12:03,744 [Contrast Firstapp] INFO - GEM LOADED: rack=2.0.7
2019-10-14 07:12:03,744 [Contrast Firstapp] INFO - GEM LOADED: nokogiri=1.10.4
2019-10-14 07:12:03,744 [Contrast Firstapp] INFO - GEM LOADED: sqlite3=1.4.1
2019-10-14 07:12:03,770 [Contrast Firstapp] INFO - Attempting to start service.
2019-10-14 07:12:05,809 [Contrast Firstapp] INFO - Current rule settings:
2019-10-14 07:12:05,809 [Contrast Firstapp] INFO - .. assess:  csrf (true)
2019-10-14 07:13:41,624 [Contrast Firstapp] INFO - AGENT_VERSION=3.0.3
2019-10-14 07:13:41,624 [Contrast Firstapp] INFO - GEM_HOME=/Users/marklacasse/.rvm/gems/ruby-2.6.3
2019-10-14 07:13:41,624 [Contrast Firstapp] INFO - PWD=/Users/marklacasse/Sandbox/ruby-projects/rails_projects/firstapp
2019-10-14 07:13:41,624 [Contrast Firstapp] INFO - HOME=/Users/marklacasse
2019-10-14 07:13:41,624 [Contrast Firstapp] INFO - GEM_PATH=/Users/marklacasse/.rvm/gems/ruby-2.6.3:/Users/marklacasse/.rvm/gems/ruby-2.6.3@global
2019-10-14 07:13:41,624 [Contrast Firstapp] INFO - RUBY_VERSION=ruby-2.6.3
2019-10-14 07:13:41,624 [Contrast Firstapp] INFO - RAILS_ENV=development
2019-10-14 07:13:41,624 [Contrast Firstapp] INFO - RACK_ENV=development
2019-10-14 07:13:41,624 [Contrast Firstapp] INFO - PARENT_PROCESS_ID=40064
2019-10-14 07:13:41,624 [Contrast Firstapp] INFO - PROCESS_ID=74258
2019-10-14 07:13:41,625 [Contrast Firstapp] INFO - LOCAL CONFIGURATION: {
  "agent": {
    "service": {
      "logger": {
        "path": "contrast_service.log",
        "level": "ERROR"
      },
      "host": "127.0.0.1",
      "port": 30555
    }
  }
}
2019-10-14 07:13:41,625 [Contrast Firstapp] INFO - GEM LOADED: rails=6.0.0
2019-10-14 07:13:41,625 [Contrast Firstapp] INFO - GEM LOADED: puma=3.12.1
2019-10-14 07:13:41,625 [Contrast Firstapp] INFO - GEM LOADED: rack=2.0.7
2019-10-14 07:13:41,625 [Contrast Firstapp] INFO - GEM LOADED: nokogiri=1.10.4
2019-10-14 07:13:41,625 [Contrast Firstapp] INFO - GEM LOADED: sqlite3=1.4.1
2019-10-14 07:13:41,631 [Contrast Firstapp] INFO - Attempting to start service.
2019-10-14 07:13:42,629 [Contrast Firstapp] INFO - Current rule settings:
2019-10-14 07:13:42,629 [Contrast Firstapp] INFO - .. assess:  csrf (true)
2019-10-14 09:31:23,604 [Contrast Firstapp] INFO - AGENT_VERSION=3.0.3
2019-10-14 09:31:23,604 [Contrast Firstapp] INFO - GEM_HOME=/Users/marklacasse/.rvm/gems/ruby-2.6.3
2019-10-14 09:31:23,604 [Contrast Firstapp] INFO - PWD=/Users/marklacasse/Sandbox/ruby-projects/rails_projects/firstapp
2019-10-14 09:31:23,604 [Contrast Firstapp] INFO - HOME=/Users/marklacasse
2019-10-14 09:31:23,604 [Contrast Firstapp] INFO - GEM_PATH=/Users/marklacasse/.rvm/gems/ruby-2.6.3:/Users/marklacasse/.rvm/gems/ruby-2.6.3@global
2019-10-14 09:31:23,604 [Contrast Firstapp] INFO - RUBY_VERSION=ruby-2.6.3
2019-10-14 09:31:23,604 [Contrast Firstapp] INFO - RAILS_ENV=development
2019-10-14 09:31:23,604 [Contrast Firstapp] INFO - RACK_ENV=development
2019-10-14 09:31:23,604 [Contrast Firstapp] INFO - PARENT_PROCESS_ID=40064
2019-10-14 09:31:23,604 [Contrast Firstapp] INFO - PROCESS_ID=78620
2019-10-14 09:31:23,605 [Contrast Firstapp] INFO - LOCAL CONFIGURATION: {
  "agent": {
    "service": {
      "logger": {
        "path": "contrast_service.log",
        "level": "ERROR"
      },
      "host": "127.0.0.1",
      "port": 30555
    }
  }
}
2019-10-14 09:31:23,605 [Contrast Firstapp] INFO - GEM LOADED: rails=6.0.0
2019-10-14 09:31:23,605 [Contrast Firstapp] INFO - GEM LOADED: puma=3.12.1
2019-10-14 09:31:23,605 [Contrast Firstapp] INFO - GEM LOADED: rack=2.0.7
2019-10-14 09:31:23,605 [Contrast Firstapp] INFO - GEM LOADED: nokogiri=1.10.4
2019-10-14 09:31:23,605 [Contrast Firstapp] INFO - GEM LOADED: sqlite3=1.4.1
2019-10-14 09:31:23,611 [Contrast Firstapp] INFO - Attempting to start service.
2019-10-14 09:31:24,552 [Contrast Firstapp] INFO - Current rule settings:
2019-10-14 09:31:24,552 [Contrast Firstapp] INFO - .. assess:  csrf (true)
2019-10-14 09:31:27,495 [Contrast Firstapp] INFO - AGENT_VERSION=3.0.3
2019-10-14 09:31:27,495 [Contrast Firstapp] INFO - GEM_HOME=/Users/marklacasse/.rvm/gems/ruby-2.6.3
2019-10-14 09:31:27,495 [Contrast Firstapp] INFO - PWD=/Users/marklacasse/Sandbox/ruby-projects/rails_projects/firstapp
2019-10-14 09:31:27,495 [Contrast Firstapp] INFO - HOME=/Users/marklacasse
2019-10-14 09:31:27,495 [Contrast Firstapp] INFO - GEM_PATH=/Users/marklacasse/.rvm/gems/ruby-2.6.3:/Users/marklacasse/.rvm/gems/ruby-2.6.3@global
2019-10-14 09:31:27,495 [Contrast Firstapp] INFO - RUBY_VERSION=ruby-2.6.3
2019-10-14 09:31:27,495 [Contrast Firstapp] INFO - RAILS_ENV=development
2019-10-14 09:31:27,495 [Contrast Firstapp] INFO - PARENT_PROCESS_ID=40684
2019-10-14 09:31:27,495 [Contrast Firstapp] INFO - PROCESS_ID=78641
2019-10-14 09:31:27,495 [Contrast Firstapp] INFO - LOCAL CONFIGURATION: {
  "agent": {
    "service": {
      "logger": {
        "path": "contrast_service.log",
        "level": "ERROR"
      },
      "host": "127.0.0.1",
      "port": 30555
    }
  }
}
2019-10-14 09:31:27,495 [Contrast Firstapp] INFO - GEM LOADED: rails=6.0.0
2019-10-14 09:31:27,495 [Contrast Firstapp] INFO - GEM LOADED: puma=3.12.1
2019-10-14 09:31:27,495 [Contrast Firstapp] INFO - GEM LOADED: rack=2.0.7
2019-10-14 09:31:27,495 [Contrast Firstapp] INFO - GEM LOADED: nokogiri=1.10.4
2019-10-14 09:31:27,495 [Contrast Firstapp] INFO - GEM LOADED: sqlite3=1.4.1
2019-10-14 09:31:27,500 [Contrast Firstapp] INFO - Attempting to start service.
2019-10-14 09:31:28,613 [Contrast Firstapp] INFO - Current rule settings:
2019-10-14 09:31:28,613 [Contrast Firstapp] INFO - .. assess:  csrf (true)
2019-10-14 09:43:56,104 [Contrast Firstapp] INFO - AGENT_VERSION=3.0.3
2019-10-14 09:43:56,104 [Contrast Firstapp] INFO - GEM_HOME=/Users/marklacasse/.rvm/gems/ruby-2.6.3
2019-10-14 09:43:56,104 [Contrast Firstapp] INFO - PWD=/Users/marklacasse/Sandbox/ruby-projects/rails_projects/firstapp
2019-10-14 09:43:56,104 [Contrast Firstapp] INFO - HOME=/Users/marklacasse
2019-10-14 09:43:56,104 [Contrast Firstapp] INFO - GEM_PATH=/Users/marklacasse/.rvm/gems/ruby-2.6.3:/Users/marklacasse/.rvm/gems/ruby-2.6.3@global
2019-10-14 09:43:56,104 [Contrast Firstapp] INFO - RUBY_VERSION=ruby-2.6.3
2019-10-14 09:43:56,105 [Contrast Firstapp] INFO - RAILS_ENV=development
2019-10-14 09:43:56,105 [Contrast Firstapp] INFO - RACK_ENV=development
2019-10-14 09:43:56,105 [Contrast Firstapp] INFO - PARENT_PROCESS_ID=40064
2019-10-14 09:43:56,105 [Contrast Firstapp] INFO - PROCESS_ID=78965
2019-10-14 09:43:56,105 [Contrast Firstapp] INFO - LOCAL CONFIGURATION: {
  "agent": {
    "service": {
      "logger": {
        "path": "contrast_service.log",
        "level": "ERROR"
      },
      "host": "127.0.0.1",
      "port": 30555
    }
  }
}
2019-10-14 09:43:56,105 [Contrast Firstapp] INFO - GEM LOADED: rails=6.0.0
2019-10-14 09:43:56,105 [Contrast Firstapp] INFO - GEM LOADED: puma=3.12.1
2019-10-14 09:43:56,105 [Contrast Firstapp] INFO - GEM LOADED: rack=2.0.7
2019-10-14 09:43:56,105 [Contrast Firstapp] INFO - GEM LOADED: nokogiri=1.10.4
2019-10-14 09:43:56,105 [Contrast Firstapp] INFO - GEM LOADED: sqlite3=1.4.1
2019-10-14 09:43:56,133 [Contrast Firstapp] INFO - Attempting to start service.
2019-10-14 09:43:57,224 [Contrast Firstapp] INFO - Current rule settings:
2019-10-14 09:43:57,224 [Contrast Firstapp] INFO - .. assess:  csrf (true)
2019-10-14 10:30:15,328 [Contrast Firstapp] INFO - AGENT_VERSION=3.0.3
2019-10-14 10:30:15,329 [Contrast Firstapp] INFO - GEM_HOME=/Users/marklacasse/.rvm/gems/ruby-2.6.3
2019-10-14 10:30:15,329 [Contrast Firstapp] INFO - PWD=/Users/marklacasse/Sandbox/ruby-projects/rails_projects/firstapp
2019-10-14 10:30:15,329 [Contrast Firstapp] INFO - HOME=/Users/marklacasse
2019-10-14 10:30:15,329 [Contrast Firstapp] INFO - GEM_PATH=/Users/marklacasse/.rvm/gems/ruby-2.6.3:/Users/marklacasse/.rvm/gems/ruby-2.6.3@global
2019-10-14 10:30:15,329 [Contrast Firstapp] INFO - RUBY_VERSION=ruby-2.6.3
2019-10-14 10:30:15,329 [Contrast Firstapp] INFO - PARENT_PROCESS_ID=40684
2019-10-14 10:30:15,329 [Contrast Firstapp] INFO - PROCESS_ID=80221
2019-10-14 10:30:15,329 [Contrast Firstapp] INFO - LOCAL CONFIGURATION: {
  "agent": {
    "service": {
      "logger": {
        "path": "contrast_service.log",
        "level": "ERROR"
      },
      "host": "127.0.0.1",
      "port": 30555
    }
  }
}
2019-10-14 10:30:15,329 [Contrast Firstapp] INFO - GEM LOADED: rails=6.0.0
2019-10-14 10:30:15,329 [Contrast Firstapp] INFO - GEM LOADED: puma=3.12.1
2019-10-14 10:30:15,329 [Contrast Firstapp] INFO - GEM LOADED: rack=2.0.7
2019-10-14 10:30:15,329 [Contrast Firstapp] INFO - GEM LOADED: nokogiri=1.10.4
2019-10-14 10:30:15,329 [Contrast Firstapp] INFO - GEM LOADED: sqlite3=1.4.1
2019-10-14 10:30:15,336 [Contrast Firstapp] INFO - Attempting to start service.
2019-10-14 10:30:16,296 [Contrast Firstapp] INFO - Current rule settings:
2019-10-14 10:30:16,296 [Contrast Firstapp] INFO - .. assess:  csrf (true)
2019-10-14 10:31:41,209 [Contrast Firstapp] INFO - AGENT_VERSION=3.0.3
2019-10-14 10:31:41,209 [Contrast Firstapp] INFO - GEM_HOME=/Users/marklacasse/.rvm/gems/ruby-2.6.3
2019-10-14 10:31:41,209 [Contrast Firstapp] INFO - PWD=/Users/marklacasse/Sandbox/ruby-projects/rails_projects/firstapp
2019-10-14 10:31:41,209 [Contrast Firstapp] INFO - HOME=/Users/marklacasse
2019-10-14 10:31:41,209 [Contrast Firstapp] INFO - GEM_PATH=/Users/marklacasse/.rvm/gems/ruby-2.6.3:/Users/marklacasse/.rvm/gems/ruby-2.6.3@global
2019-10-14 10:31:41,209 [Contrast Firstapp] INFO - RUBY_VERSION=ruby-2.6.3
2019-10-14 10:31:41,209 [Contrast Firstapp] INFO - RAILS_ENV=development
2019-10-14 10:31:41,209 [Contrast Firstapp] INFO - PARENT_PROCESS_ID=40684
2019-10-14 10:31:41,209 [Contrast Firstapp] INFO - PROCESS_ID=80262
2019-10-14 10:31:41,210 [Contrast Firstapp] INFO - LOCAL CONFIGURATION: {
  "agent": {
    "service": {
      "logger": {
        "path": "contrast_service.log",
        "level": "ERROR"
      },
      "host": "127.0.0.1",
      "port": 30555
    }
  }
}
2019-10-14 10:31:41,210 [Contrast Firstapp] INFO - GEM LOADED: rails=6.0.0
2019-10-14 10:31:41,210 [Contrast Firstapp] INFO - GEM LOADED: puma=3.12.1
2019-10-14 10:31:41,210 [Contrast Firstapp] INFO - GEM LOADED: rack=2.0.7
2019-10-14 10:31:41,210 [Contrast Firstapp] INFO - GEM LOADED: nokogiri=1.10.4
2019-10-14 10:31:41,210 [Contrast Firstapp] INFO - GEM LOADED: sqlite3=1.4.1
2019-10-14 10:31:41,216 [Contrast Firstapp] INFO - Attempting to start service.
2019-10-14 10:31:42,094 [Contrast Firstapp] INFO - Current rule settings:
2019-10-14 10:31:42,095 [Contrast Firstapp] INFO - .. assess:  csrf (true)
2019-10-14 13:35:26,957 [Contrast Firstapp] INFO - AGENT_VERSION=3.0.3
2019-10-14 13:35:26,958 [Contrast Firstapp] INFO - GEM_HOME=/Users/marklacasse/.rvm/gems/ruby-2.6.3
2019-10-14 13:35:26,958 [Contrast Firstapp] INFO - PWD=/Users/marklacasse/Sandbox/ruby-projects/rails_projects/firstapp
2019-10-14 13:35:26,958 [Contrast Firstapp] INFO - HOME=/Users/marklacasse
2019-10-14 13:35:26,958 [Contrast Firstapp] INFO - GEM_PATH=/Users/marklacasse/.rvm/gems/ruby-2.6.3:/Users/marklacasse/.rvm/gems/ruby-2.6.3@global
2019-10-14 13:35:26,958 [Contrast Firstapp] INFO - RUBY_VERSION=ruby-2.6.3
2019-10-14 13:35:26,958 [Contrast Firstapp] INFO - RAILS_ENV=development
2019-10-14 13:35:26,958 [Contrast Firstapp] INFO - PARENT_PROCESS_ID=40684
2019-10-14 13:35:26,958 [Contrast Firstapp] INFO - PROCESS_ID=85884
2019-10-14 13:35:26,958 [Contrast Firstapp] INFO - LOCAL CONFIGURATION: {
  "agent": {
    "service": {
      "logger": {
        "path": "contrast_service.log",
        "level": "ERROR"
      },
      "host": "127.0.0.1",
      "port": 30555
    }
  }
}
2019-10-14 13:35:26,958 [Contrast Firstapp] INFO - GEM LOADED: rails=6.0.0
2019-10-14 13:35:26,958 [Contrast Firstapp] INFO - GEM LOADED: puma=3.12.1
2019-10-14 13:35:26,958 [Contrast Firstapp] INFO - GEM LOADED: rack=2.0.7
2019-10-14 13:35:26,958 [Contrast Firstapp] INFO - GEM LOADED: nokogiri=1.10.4
2019-10-14 13:35:26,958 [Contrast Firstapp] INFO - GEM LOADED: sqlite3=1.4.1
2019-10-14 13:35:26,965 [Contrast Firstapp] INFO - Attempting to start service.
2019-10-14 13:35:27,754 [Contrast Firstapp] INFO - Current rule settings:
2019-10-14 13:35:27,755 [Contrast Firstapp] INFO - .. assess:  csrf (true)
2019-10-14 13:42:02,359 [Contrast Firstapp] INFO - AGENT_VERSION=3.0.3
2019-10-14 13:42:02,359 [Contrast Firstapp] INFO - GEM_HOME=/Users/marklacasse/.rvm/gems/ruby-2.6.3
2019-10-14 13:42:02,359 [Contrast Firstapp] INFO - PWD=/Users/marklacasse/Sandbox/ruby-projects/rails_projects/firstapp
2019-10-14 13:42:02,359 [Contrast Firstapp] INFO - HOME=/Users/marklacasse
2019-10-14 13:42:02,359 [Contrast Firstapp] INFO - GEM_PATH=/Users/marklacasse/.rvm/gems/ruby-2.6.3:/Users/marklacasse/.rvm/gems/ruby-2.6.3@global
2019-10-14 13:42:02,359 [Contrast Firstapp] INFO - RUBY_VERSION=ruby-2.6.3
2019-10-14 13:42:02,359 [Contrast Firstapp] INFO - RAILS_ENV=development
2019-10-14 13:42:02,359 [Contrast Firstapp] INFO - PARENT_PROCESS_ID=40684
2019-10-14 13:42:02,359 [Contrast Firstapp] INFO - PROCESS_ID=86172
2019-10-14 13:42:02,360 [Contrast Firstapp] INFO - LOCAL CONFIGURATION: {
  "agent": {
    "service": {
      "logger": {
        "path": "contrast_service.log",
        "level": "ERROR"
      },
      "host": "127.0.0.1",
      "port": 30555
    }
  }
}
2019-10-14 13:42:02,360 [Contrast Firstapp] INFO - GEM LOADED: rails=6.0.0
2019-10-14 13:42:02,360 [Contrast Firstapp] INFO - GEM LOADED: puma=3.12.1
2019-10-14 13:42:02,360 [Contrast Firstapp] INFO - GEM LOADED: rack=2.0.7
2019-10-14 13:42:02,360 [Contrast Firstapp] INFO - GEM LOADED: nokogiri=1.10.4
2019-10-14 13:42:02,360 [Contrast Firstapp] INFO - GEM LOADED: sqlite3=1.4.1
2019-10-14 13:42:02,366 [Contrast Firstapp] INFO - Attempting to start service.
2019-10-14 13:42:03,149 [Contrast Firstapp] INFO - Current rule settings:
2019-10-14 13:42:03,150 [Contrast Firstapp] INFO - .. assess:  csrf (true)
2019-10-14 16:44:35,197 [Contrast Firstapp] INFO - AGENT_VERSION=3.0.3
2019-10-14 16:44:35,198 [Contrast Firstapp] INFO - GEM_HOME=/Users/marklacasse/.rvm/gems/ruby-2.6.3
2019-10-14 16:44:35,198 [Contrast Firstapp] INFO - PWD=/Users/marklacasse/Sandbox/ruby-projects/rails_projects/firstapp
2019-10-14 16:44:35,198 [Contrast Firstapp] INFO - HOME=/Users/marklacasse
2019-10-14 16:44:35,198 [Contrast Firstapp] INFO - GEM_PATH=/Users/marklacasse/.rvm/gems/ruby-2.6.3:/Users/marklacasse/.rvm/gems/ruby-2.6.3@global
2019-10-14 16:44:35,198 [Contrast Firstapp] INFO - RUBY_VERSION=ruby-2.6.3
2019-10-14 16:44:35,198 [Contrast Firstapp] INFO - RAILS_ENV=development
2019-10-14 16:44:35,198 [Contrast Firstapp] INFO - RACK_ENV=development
2019-10-14 16:44:35,198 [Contrast Firstapp] INFO - PARENT_PROCESS_ID=40064
2019-10-14 16:44:35,198 [Contrast Firstapp] INFO - PROCESS_ID=91795
2019-10-14 16:44:35,199 [Contrast Firstapp] INFO - LOCAL CONFIGURATION: {
  "agent": {
    "service": {
      "logger": {
        "path": "contrast_service.log",
        "level": "ERROR"
      },
      "host": "127.0.0.1",
      "port": 30555
    }
  }
}
2019-10-14 16:44:35,199 [Contrast Firstapp] INFO - GEM LOADED: rails=6.0.0
2019-10-14 16:44:35,199 [Contrast Firstapp] INFO - GEM LOADED: puma=3.12.1
2019-10-14 16:44:35,200 [Contrast Firstapp] INFO - GEM LOADED: rack=2.0.7
2019-10-14 16:44:35,200 [Contrast Firstapp] INFO - GEM LOADED: nokogiri=1.10.4
2019-10-14 16:44:35,200 [Contrast Firstapp] INFO - GEM LOADED: sqlite3=1.4.1
2019-10-14 16:44:35,226 [Contrast Firstapp] INFO - Attempting to start service.
2019-10-14 16:44:37,370 [Contrast Firstapp] INFO - Current rule settings:
2019-10-14 16:44:37,370 [Contrast Firstapp] INFO - .. assess:  csrf (true)
2019-10-14 16:48:55,841 [Contrast Firstapp] INFO - AGENT_VERSION=3.0.3
2019-10-14 16:48:55,841 [Contrast Firstapp] INFO - GEM_HOME=/Users/marklacasse/.rvm/gems/ruby-2.6.3
2019-10-14 16:48:55,841 [Contrast Firstapp] INFO - PWD=/Users/marklacasse/Sandbox/ruby-projects/rails_projects/firstapp
2019-10-14 16:48:55,841 [Contrast Firstapp] INFO - HOME=/Users/marklacasse
2019-10-14 16:48:55,841 [Contrast Firstapp] INFO - GEM_PATH=/Users/marklacasse/.rvm/gems/ruby-2.6.3:/Users/marklacasse/.rvm/gems/ruby-2.6.3@global
2019-10-14 16:48:55,841 [Contrast Firstapp] INFO - RUBY_VERSION=ruby-2.6.3
2019-10-14 16:48:55,841 [Contrast Firstapp] INFO - RAILS_ENV=development
2019-10-14 16:48:55,841 [Contrast Firstapp] INFO - PARENT_PROCESS_ID=40684
2019-10-14 16:48:55,841 [Contrast Firstapp] INFO - PROCESS_ID=92004
2019-10-14 16:48:55,842 [Contrast Firstapp] INFO - LOCAL CONFIGURATION: {
  "agent": {
    "service": {
      "logger": {
        "path": "contrast_service.log",
        "level": "ERROR"
      },
      "host": "127.0.0.1",
      "port": 30555
    }
  }
}
2019-10-14 16:48:55,842 [Contrast Firstapp] INFO - GEM LOADED: rails=6.0.0
2019-10-14 16:48:55,842 [Contrast Firstapp] INFO - GEM LOADED: puma=3.12.1
2019-10-14 16:48:55,842 [Contrast Firstapp] INFO - GEM LOADED: rack=2.0.7
2019-10-14 16:48:55,842 [Contrast Firstapp] INFO - GEM LOADED: nokogiri=1.10.4
2019-10-14 16:48:55,842 [Contrast Firstapp] INFO - GEM LOADED: sqlite3=1.4.1
2019-10-14 16:48:55,849 [Contrast Firstapp] INFO - Attempting to start service.
2019-10-14 16:48:56,587 [Contrast Firstapp] INFO - Current rule settings:
2019-10-14 16:48:56,588 [Contrast Firstapp] INFO - .. assess:  csrf (true)
2019-10-14 16:50:07,281 [Contrast FirstAppTest] INFO - AGENT_VERSION=3.0.3
2019-10-14 16:50:07,281 [Contrast FirstAppTest] INFO - GEM_HOME=/Users/marklacasse/.rvm/gems/ruby-2.6.3
2019-10-14 16:50:07,281 [Contrast FirstAppTest] INFO - PWD=/Users/marklacasse/Sandbox/ruby-projects/rails_projects/firstapp
2019-10-14 16:50:07,281 [Contrast FirstAppTest] INFO - HOME=/Users/marklacasse
2019-10-14 16:50:07,281 [Contrast FirstAppTest] INFO - GEM_PATH=/Users/marklacasse/.rvm/gems/ruby-2.6.3:/Users/marklacasse/.rvm/gems/ruby-2.6.3@global
2019-10-14 16:50:07,281 [Contrast FirstAppTest] INFO - RUBY_VERSION=ruby-2.6.3
2019-10-14 16:50:07,281 [Contrast FirstAppTest] INFO - RAILS_ENV=development
2019-10-14 16:50:07,281 [Contrast FirstAppTest] INFO - RACK_ENV=development
2019-10-14 16:50:07,281 [Contrast FirstAppTest] INFO - PARENT_PROCESS_ID=40064
2019-10-14 16:50:07,281 [Contrast FirstAppTest] INFO - PROCESS_ID=92048
2019-10-14 16:50:07,282 [Contrast FirstAppTest] INFO - LOCAL CONFIGURATION: {
  "agent": {
    "service": {
      "logger": {
        "path": "contrast_service.log",
        "level": "ERROR"
      },
      "host": "127.0.0.1",
      "port": 30555
    }
  },
  "application": {
    "name": "FirstAppTest"
  }
}
2019-10-14 16:50:07,282 [Contrast FirstAppTest] INFO - GEM LOADED: rails=6.0.0
2019-10-14 16:50:07,282 [Contrast FirstAppTest] INFO - GEM LOADED: puma=3.12.1
2019-10-14 16:50:07,282 [Contrast FirstAppTest] INFO - GEM LOADED: rack=2.0.7
2019-10-14 16:50:07,282 [Contrast FirstAppTest] INFO - GEM LOADED: nokogiri=1.10.4
2019-10-14 16:50:07,282 [Contrast FirstAppTest] INFO - GEM LOADED: sqlite3=1.4.1
2019-10-14 16:50:07,286 [Contrast FirstAppTest] INFO - Attempting to start service.
2019-10-14 16:50:08,575 [Contrast FirstAppTest] INFO - AGENT_VERSION=3.0.3
2019-10-14 16:50:08,575 [Contrast FirstAppTest] INFO - GEM_HOME=/Users/marklacasse/.rvm/gems/ruby-2.6.3
2019-10-14 16:50:08,575 [Contrast FirstAppTest] INFO - PWD=/Users/marklacasse/Sandbox/ruby-projects/rails_projects/firstapp
2019-10-14 16:50:08,575 [Contrast FirstAppTest] INFO - HOME=/Users/marklacasse
2019-10-14 16:50:08,575 [Contrast FirstAppTest] INFO - GEM_PATH=/Users/marklacasse/.rvm/gems/ruby-2.6.3:/Users/marklacasse/.rvm/gems/ruby-2.6.3@global
2019-10-14 16:50:08,575 [Contrast FirstAppTest] INFO - RUBY_VERSION=ruby-2.6.3
2019-10-14 16:50:08,575 [Contrast FirstAppTest] INFO - RAILS_ENV=development
2019-10-14 16:50:08,575 [Contrast FirstAppTest] INFO - PARENT_PROCESS_ID=40684
2019-10-14 16:50:08,575 [Contrast FirstAppTest] INFO - PROCESS_ID=92057
2019-10-14 16:50:08,575 [Contrast FirstAppTest] INFO - LOCAL CONFIGURATION: {
  "agent": {
    "service": {
      "logger": {
        "path": "contrast_service.log",
        "level": "ERROR"
      },
      "host": "127.0.0.1",
      "port": 30555
    }
  },
  "application": {
    "name": "FirstAppTest"
  }
}
2019-10-14 16:50:08,575 [Contrast FirstAppTest] INFO - GEM LOADED: rails=6.0.0
2019-10-14 16:50:08,575 [Contrast FirstAppTest] INFO - GEM LOADED: puma=3.12.1
2019-10-14 16:50:08,575 [Contrast FirstAppTest] INFO - GEM LOADED: rack=2.0.7
2019-10-14 16:50:08,575 [Contrast FirstAppTest] INFO - GEM LOADED: nokogiri=1.10.4
2019-10-14 16:50:08,575 [Contrast FirstAppTest] INFO - GEM LOADED: sqlite3=1.4.1
2019-10-14 16:50:08,579 [Contrast FirstAppTest] INFO - Attempting to start service.
2019-10-14 16:50:09,995 [Contrast FirstAppTest] INFO - CONTRAST-SERVICE -- Version: 2.0.1 PID: 17504 WorkingDir: err
2019-10-14 16:50:09,995 [Contrast FirstAppTest] INFO - Current rule settings:
2019-10-14 16:50:09,995 [Contrast FirstAppTest] INFO - .. assess:  csrf (true)
2019-10-14 16:50:10,089 [Contrast FirstAppTest] INFO - Current rule settings:
2019-10-14 16:50:10,089 [Contrast FirstAppTest] INFO - .. assess:  csrf (true)
2019-10-14 16:50:10,175 [Contrast FirstAppTest] INFO - Current rule settings:
2019-10-14 16:50:10,175 [Contrast FirstAppTest] INFO - .. assess:  csrf (true)
2019-10-14 17:07:56,275 [Contrast FirstAppTest] INFO - AGENT_VERSION=3.0.3
2019-10-14 17:07:56,276 [Contrast FirstAppTest] INFO - GEM_HOME=/Users/marklacasse/.rvm/gems/ruby-2.6.3
2019-10-14 17:07:56,276 [Contrast FirstAppTest] INFO - PWD=/Users/marklacasse/Sandbox/ruby-projects/rails_projects/firstapp
2019-10-14 17:07:56,276 [Contrast FirstAppTest] INFO - HOME=/Users/marklacasse
2019-10-14 17:07:56,276 [Contrast FirstAppTest] INFO - GEM_PATH=/Users/marklacasse/.rvm/gems/ruby-2.6.3:/Users/marklacasse/.rvm/gems/ruby-2.6.3@global
2019-10-14 17:07:56,276 [Contrast FirstAppTest] INFO - RUBY_VERSION=ruby-2.6.3
2019-10-14 17:07:56,276 [Contrast FirstAppTest] INFO - RAILS_ENV=development
2019-10-14 17:07:56,276 [Contrast FirstAppTest] INFO - RACK_ENV=development
2019-10-14 17:07:56,276 [Contrast FirstAppTest] INFO - PARENT_PROCESS_ID=1
2019-10-14 17:07:56,276 [Contrast FirstAppTest] INFO - PROCESS_ID=92916
2019-10-14 17:07:56,276 [Contrast FirstAppTest] INFO - LOCAL CONFIGURATION: {
  "agent": {
    "service": {
      "logger": {
        "path": "contrast_service.log",
        "level": "ERROR"
      },
      "host": "127.0.0.1",
      "port": 30555
    }
  },
  "application": {
    "name": "FirstAppTest"
  }
}
2019-10-14 17:07:56,276 [Contrast FirstAppTest] INFO - GEM LOADED: rails=6.0.0
2019-10-14 17:07:56,276 [Contrast FirstAppTest] INFO - GEM LOADED: puma=3.12.1
2019-10-14 17:07:56,276 [Contrast FirstAppTest] INFO - GEM LOADED: rack=2.0.7
2019-10-14 17:07:56,276 [Contrast FirstAppTest] INFO - GEM LOADED: nokogiri=1.10.4
2019-10-14 17:07:56,276 [Contrast FirstAppTest] INFO - GEM LOADED: sqlite3=1.4.1
2019-10-14 17:07:56,283 [Contrast FirstAppTest] INFO - Attempting to start service.
2019-10-14 17:07:59,866 [Contrast FirstAppTest] INFO - Current rule settings:
2019-10-14 17:07:59,866 [Contrast FirstAppTest] INFO - .. assess:  csrf (true)
